2025-08-04 03:45:28,016 - main - INFO - Shutting down Radius Core service...
2025-08-04 03:45:29,220 - main - INFO - Starting Radius Core service...
2025-08-04 03:45:29,242 - redis_client - INFO - Redis connection established successfully
2025-08-04 03:45:29,245 - main - INFO - Redis connection established
2025-08-04 03:45:29,294 - rabbitmq_client - INFO - RabbitMQ connection established successfully
2025-08-04 03:45:29,294 - main - INFO - RabbitMQ connection established
2025-08-04 03:45:31,116 - main - INFO - Shutting down Radius Core service...
2025-08-04 03:45:32,122 - main - INFO - Starting Radius Core service...
2025-08-04 03:45:32,143 - redis_client - INFO - Redis connection established successfully
2025-08-04 03:45:32,149 - main - INFO - Redis connection established
2025-08-04 03:45:32,204 - rabbitmq_client - INFO - RabbitMQ connection established successfully
2025-08-04 03:45:32,204 - main - INFO - RabbitMQ connection established
2025-08-04 03:45:33,620 - main - INFO - Shutting down Radius Core service...
2025-08-04 03:45:34,642 - main - INFO - Starting Radius Core service...
2025-08-04 03:45:34,660 - redis_client - INFO - Redis connection established successfully
2025-08-04 03:45:34,663 - main - INFO - Redis connection established
2025-08-04 03:45:34,715 - rabbitmq_client - INFO - RabbitMQ connection established successfully
2025-08-04 03:45:34,715 - main - INFO - RabbitMQ connection established
2025-08-04 03:46:08,781 - main - INFO - Shutting down Radius Core service...
2025-08-04 03:46:09,868 - main - INFO - Starting Radius Core service...
2025-08-04 03:46:09,888 - redis_client - INFO - Redis connection established successfully
2025-08-04 03:46:09,892 - main - INFO - Redis connection established
2025-08-04 03:46:09,943 - rabbitmq_client - INFO - RabbitMQ connection established successfully
2025-08-04 03:46:09,943 - main - INFO - RabbitMQ connection established
2025-08-04 03:46:13,083 - main - INFO - Shutting down Radius Core service...
2025-08-04 03:46:14,061 - main - INFO - Starting Radius Core service...
2025-08-04 03:46:14,080 - redis_client - INFO - Redis connection established successfully
2025-08-04 03:46:14,083 - main - INFO - Redis connection established
2025-08-04 03:46:14,139 - rabbitmq_client - INFO - RabbitMQ connection established successfully
2025-08-04 03:46:14,139 - main - INFO - RabbitMQ connection established
2025-08-04 03:46:15,867 - main - INFO - Shutting down Radius Core service...
2025-08-04 03:46:16,846 - main - INFO - Starting Radius Core service...
2025-08-04 03:46:16,869 - redis_client - INFO - Redis connection established successfully
2025-08-04 03:46:16,872 - main - INFO - Redis connection established
2025-08-04 03:46:16,946 - rabbitmq_client - INFO - RabbitMQ connection established successfully
2025-08-04 03:46:16,946 - main - INFO - RabbitMQ connection established
2025-08-04 03:46:24,427 - main - INFO - Shutting down Radius Core service...
2025-08-04 03:46:25,414 - main - INFO - Starting Radius Core service...
2025-08-04 03:46:25,435 - redis_client - INFO - Redis connection established successfully
2025-08-04 03:46:25,438 - main - INFO - Redis connection established
2025-08-04 03:46:25,488 - rabbitmq_client - INFO - RabbitMQ connection established successfully
2025-08-04 03:46:25,488 - main - INFO - RabbitMQ connection established
2025-08-04 03:46:27,410 - main - INFO - Shutting down Radius Core service...
2025-08-04 03:46:28,415 - main - INFO - Starting Radius Core service...
2025-08-04 03:46:28,435 - redis_client - INFO - Redis connection established successfully
2025-08-04 03:46:28,439 - main - INFO - Redis connection established
2025-08-04 03:46:28,492 - rabbitmq_client - INFO - RabbitMQ connection established successfully
2025-08-04 03:46:28,492 - main - INFO - RabbitMQ connection established
2025-08-04 03:46:32,231 - main - INFO - Shutting down Radius Core service...
2025-08-04 03:46:33,196 - main - INFO - Starting Radius Core service...
2025-08-04 03:46:33,215 - redis_client - INFO - Redis connection established successfully
2025-08-04 03:46:33,218 - main - INFO - Redis connection established
2025-08-04 03:46:33,274 - rabbitmq_client - INFO - RabbitMQ connection established successfully
2025-08-04 03:46:33,274 - main - INFO - RabbitMQ connection established
2025-08-04 03:46:38,326 - main - INFO - Shutting down Radius Core service...
2025-08-04 03:46:39,293 - main - INFO - Starting Radius Core service...
2025-08-04 03:46:39,312 - redis_client - INFO - Redis connection established successfully
2025-08-04 03:46:39,318 - main - INFO - Redis connection established
2025-08-04 03:46:39,373 - rabbitmq_client - INFO - RabbitMQ connection established successfully
2025-08-04 03:46:39,373 - main - INFO - RabbitMQ connection established
2025-08-04 03:46:40,186 - main - INFO - Shutting down Radius Core service...
2025-08-04 03:46:41,121 - main - INFO - Starting Radius Core service...
2025-08-04 03:46:41,144 - redis_client - INFO - Redis connection established successfully
2025-08-04 03:46:41,151 - main - INFO - Redis connection established
2025-08-04 03:46:41,208 - rabbitmq_client - INFO - RabbitMQ connection established successfully
2025-08-04 03:46:41,208 - main - INFO - RabbitMQ connection established
2025-08-04 03:47:05,071 - main - INFO - Shutting down Radius Core service...
2025-08-04 03:47:06,106 - main - INFO - Starting Radius Core service...
2025-08-04 03:47:06,128 - redis_client - INFO - Redis connection established successfully
2025-08-04 03:47:06,131 - main - INFO - Redis connection established
2025-08-04 03:47:06,184 - rabbitmq_client - INFO - RabbitMQ connection established successfully
2025-08-04 03:47:06,185 - main - INFO - RabbitMQ connection established
2025-08-04 03:47:21,955 - main - INFO - Shutting down Radius Core service...
2025-08-04 03:47:22,988 - main - INFO - Starting Radius Core service...
2025-08-04 03:47:23,007 - redis_client - INFO - Redis connection established successfully
2025-08-04 03:47:23,010 - main - INFO - Redis connection established
2025-08-04 03:47:23,064 - rabbitmq_client - INFO - RabbitMQ connection established successfully
2025-08-04 03:47:23,065 - main - INFO - RabbitMQ connection established
2025-08-04 03:47:25,592 - main - INFO - Shutting down Radius Core service...
2025-08-04 03:47:28,258 - main - INFO - Starting Radius Core service...
2025-08-04 03:47:28,277 - redis_client - INFO - Redis connection established successfully
2025-08-04 03:47:28,281 - main - INFO - Redis connection established
2025-08-04 03:47:28,334 - rabbitmq_client - INFO - RabbitMQ connection established successfully
2025-08-04 03:47:28,334 - main - INFO - RabbitMQ connection established
2025-08-04 03:47:38,853 - main - INFO - Shutting down Radius Core service...
2025-08-04 03:47:39,985 - main - INFO - Starting Radius Core service...
2025-08-04 03:47:40,006 - redis_client - INFO - Redis connection established successfully
2025-08-04 03:47:40,009 - main - INFO - Redis connection established
2025-08-04 03:47:40,078 - rabbitmq_client - INFO - RabbitMQ connection established successfully
2025-08-04 03:47:40,078 - main - INFO - RabbitMQ connection established
2025-08-04 03:47:42,502 - main - INFO - Shutting down Radius Core service...
2025-08-04 03:47:43,457 - main - INFO - Starting Radius Core service...
2025-08-04 03:47:43,480 - redis_client - INFO - Redis connection established successfully
2025-08-04 03:47:43,484 - main - INFO - Redis connection established
2025-08-04 03:47:43,535 - rabbitmq_client - INFO - RabbitMQ connection established successfully
2025-08-04 03:47:43,535 - main - INFO - RabbitMQ connection established
2025-08-04 03:47:43,738 - main - INFO - Shutting down Radius Core service...
2025-08-04 03:47:44,672 - main - INFO - Starting Radius Core service...
2025-08-04 03:47:44,691 - redis_client - INFO - Redis connection established successfully
2025-08-04 03:47:44,693 - main - INFO - Redis connection established
2025-08-04 03:47:44,778 - rabbitmq_client - INFO - RabbitMQ connection established successfully
2025-08-04 03:47:44,779 - main - INFO - RabbitMQ connection established
2025-08-04 03:47:53,677 - main - INFO - Shutting down Radius Core service...
2025-08-04 03:47:54,642 - main - INFO - Starting Radius Core service...
2025-08-04 03:47:54,664 - redis_client - INFO - Redis connection established successfully
2025-08-04 03:47:54,667 - main - INFO - Redis connection established
2025-08-04 03:47:54,719 - rabbitmq_client - INFO - RabbitMQ connection established successfully
2025-08-04 03:47:54,719 - main - INFO - RabbitMQ connection established
2025-08-04 03:48:01,998 - services - INFO - Обработка аккаунтинга: Interim-Update для сессии ab217a26136ef73e401058a5c6d54b90
2025-08-04 03:48:39,134 - services - INFO - Обработка Interim-Update для существующей сессии
2025-08-04 03:48:39,137 - services - INFO - Сохранение сессии в ClickHouse: ab217a26136ef73e401058a5c6d54b90
2025-08-04 03:48:39,165 - services - INFO - Трафик (дельта) отправлен в очередь: ab217a26136ef73e401058a5c6d54b90
2025-08-04 03:48:39,165 - services - INFO - Сессия отправлена в очередь session_queue: ab217a26136ef73e401058a5c6d54b90
2025-08-04 03:48:39,165 - services - INFO - Успешный аккаунтинг: Interim-Update
2025-08-04 03:53:07,629 - main - INFO - Starting Radius Core service...
2025-08-04 03:53:07,655 - redis_client - INFO - Redis connection established successfully
2025-08-04 03:53:07,658 - main - INFO - Redis connection established
2025-08-04 03:53:07,709 - rabbitmq_client - INFO - RabbitMQ connection established successfully
2025-08-04 03:53:07,709 - main - INFO - RabbitMQ connection established
2025-08-04 03:53:09,058 - services - INFO - Обработка аккаунтинга: Interim-Update для сессии ab217a26136ef73e401058a5c6d54b90
2025-08-04 03:53:15,151 - services - WARNING - Interim-Update без активной сессии, создаем новую
2025-08-04 03:54:34,756 - services - INFO - Сохранение сессии в ClickHouse: ab217a26136ef73e401058a5c6d54b90
2025-08-04 03:54:48,120 - services - INFO - Трафик (полный) отправлен в очередь: ab217a26136ef73e401058a5c6d54b90
2025-08-04 03:54:48,120 - services - INFO - Сессия отправлена в очередь session_queue: ab217a26136ef73e401058a5c6d54b90
2025-08-04 03:56:01,571 - services - INFO - Успешный аккаунтинг: Interim-Update
2025-08-04 03:56:12,080 - main - INFO - Shutting down Radius Core service...
2025-08-04 03:56:13,136 - main - INFO - Starting Radius Core service...
2025-08-04 03:56:13,158 - redis_client - INFO - Redis connection established successfully
2025-08-04 03:56:13,161 - main - INFO - Redis connection established
2025-08-04 03:56:13,216 - rabbitmq_client - INFO - RabbitMQ connection established successfully
2025-08-04 03:56:13,217 - main - INFO - RabbitMQ connection established
2025-08-04 03:56:15,643 - main - INFO - Shutting down Radius Core service...
2025-08-04 03:56:16,666 - main - INFO - Starting Radius Core service...
2025-08-04 03:56:16,684 - redis_client - INFO - Redis connection established successfully
2025-08-04 03:56:16,688 - main - INFO - Redis connection established
2025-08-04 03:56:16,737 - rabbitmq_client - INFO - RabbitMQ connection established successfully
2025-08-04 03:56:16,738 - main - INFO - RabbitMQ connection established
2025-08-04 03:56:19,869 - main - INFO - Shutting down Radius Core service...
2025-08-04 03:56:20,797 - main - INFO - Starting Radius Core service...
2025-08-04 03:56:20,815 - redis_client - INFO - Redis connection established successfully
2025-08-04 03:56:20,818 - main - INFO - Redis connection established
2025-08-04 03:56:20,869 - rabbitmq_client - INFO - RabbitMQ connection established successfully
2025-08-04 03:56:20,870 - main - INFO - RabbitMQ connection established
2025-08-04 03:56:21,174 - main - INFO - Shutting down Radius Core service...
2025-08-04 03:56:29,256 - main - INFO - Starting Radius Core service...
2025-08-04 03:56:29,278 - redis_client - INFO - Redis connection established successfully
2025-08-04 03:56:29,281 - main - INFO - Redis connection established
2025-08-04 03:56:29,330 - rabbitmq_client - INFO - RabbitMQ connection established successfully
2025-08-04 03:56:29,331 - main - INFO - RabbitMQ connection established
2025-08-04 03:56:49,036 - main - INFO - Shutting down Radius Core service...
2025-08-04 03:56:50,044 - main - INFO - Starting Radius Core service...
2025-08-04 03:56:50,068 - redis_client - INFO - Redis connection established successfully
2025-08-04 03:56:50,071 - main - INFO - Redis connection established
2025-08-04 03:56:50,122 - rabbitmq_client - INFO - RabbitMQ connection established successfully
2025-08-04 03:56:50,122 - main - INFO - RabbitMQ connection established
2025-08-04 03:56:55,681 - main - INFO - Shutting down Radius Core service...
2025-08-04 04:42:00,539 - main - INFO - Starting Radius Core service...
2025-08-04 04:42:00,561 - redis_client - INFO - Redis connection established successfully
2025-08-04 04:42:00,565 - main - INFO - Redis connection established
2025-08-04 04:42:00,615 - rabbitmq_client - INFO - RabbitMQ connection established successfully
2025-08-04 04:42:00,615 - main - INFO - RabbitMQ connection established
2025-08-04 04:42:02,172 - services - INFO - Обработка аккаунтинга: Interim-Update для сессии ab217a26136ef73e401058a5c6d54b90
2025-08-04 04:42:05,794 - services - INFO - Обработка Interim-Update для существующей сессии
2025-08-04 04:43:10,397 - services - ERROR - Acct_Input_Octets: 17398815931 -> 16074891522, Δ=-1323924409Отрицательная дельта трафика для ab217a26136ef73e401058a5c6d54b90: ; Acct_Output_Octets: 368970238415 -> 339091091118, Δ=-29879147297Отрицательная дельта трафика для ab217a26136ef73e401058a5c6d54b90: ; Acct_Input_Packets: 119081973 -> 109549557, Δ=-9532416Отрицательная дельта трафика для ab217a26136ef73e401058a5c6d54b90: ; Acct_Output_Packets: 277280302 -> 255290690, Δ=-21989612
2025-08-04 04:43:10,406 - services - INFO - Сохранение сессии в ClickHouse: ab217a26136ef73e401058a5c6d54b90
2025-08-04 04:43:10,434 - services - INFO - Трафик (дельта) отправлен в очередь: ab217a26136ef73e401058a5c6d54b90
2025-08-04 04:43:10,435 - services - INFO - Сессия отправлена в очередь session_queue: ab217a26136ef73e401058a5c6d54b90
2025-08-04 04:43:10,435 - services - INFO - Успешный аккаунтинг: Interim-Update
2025-08-04 04:43:10,509 - main - INFO - Shutting down Radius Core service...
2025-08-04 04:43:11,692 - main - INFO - Starting Radius Core service...
2025-08-04 04:43:11,710 - redis_client - INFO - Redis connection established successfully
2025-08-04 04:43:11,713 - main - INFO - Redis connection established
2025-08-04 04:43:11,766 - rabbitmq_client - INFO - RabbitMQ connection established successfully
2025-08-04 04:43:11,766 - main - INFO - RabbitMQ connection established
2025-08-04 04:43:13,081 - main - INFO - Shutting down Radius Core service...
2025-08-04 04:43:23,057 - main - INFO - Starting Radius Core service...
2025-08-04 04:43:23,075 - redis_client - INFO - Redis connection established successfully
2025-08-04 04:43:23,079 - main - INFO - Redis connection established
2025-08-04 04:43:23,133 - rabbitmq_client - INFO - RabbitMQ connection established successfully
2025-08-04 04:43:23,133 - main - INFO - RabbitMQ connection established
2025-08-04 04:43:23,505 - services - INFO - Обработка аккаунтинга: Interim-Update для сессии ab217a26136ef73e401058a5c6d54b90
2025-08-04 04:43:25,706 - services - INFO - Обработка Interim-Update для существующей сессии
2025-08-04 04:43:45,031 - services - INFO - Сохранение сессии в ClickHouse: ab217a26136ef73e401058a5c6d54b90
2025-08-04 04:43:45,046 - services - INFO - Трафик (дельта) отправлен в очередь: ab217a26136ef73e401058a5c6d54b90
2025-08-04 04:43:45,046 - services - INFO - Сессия отправлена в очередь session_queue: ab217a26136ef73e401058a5c6d54b90
2025-08-04 04:43:45,046 - services - INFO - Успешный аккаунтинг: Interim-Update
2025-08-04 04:43:47,558 - services - INFO - Обработка аккаунтинга: Interim-Update для сессии ab217a26136ef73e401058a5c6d54b90
2025-08-04 04:43:49,259 - services - INFO - Обработка Interim-Update для существующей сессии
2025-08-04 04:44:41,516 - services - INFO - Сохранение сессии в ClickHouse: ab217a26136ef73e401058a5c6d54b90
2025-08-04 04:44:41,545 - services - INFO - Трафик (дельта) отправлен в очередь: ab217a26136ef73e401058a5c6d54b90
2025-08-04 04:44:41,557 - services - INFO - Сессия отправлена в очередь session_queue: ab217a26136ef73e401058a5c6d54b90
2025-08-04 04:44:41,557 - services - INFO - Успешный аккаунтинг: Interim-Update
2025-08-04 04:44:41,632 - aio_pika.robust_connection - INFO - Connection to amqp://leo:******@192.168.110.52:5672/ closed. Reconnecting after 5 seconds.
